<?xml version="1.0" encoding="UTF-8" standalone="yes"?><!DOCTYPE report PUBLIC "-//JACOCO//DTD Report 1.1//EN" "report.dtd"><report name="casos_teste"><sessioninfo id="lorenzomore-casosteste-65jydynbfct-2695b008" start="1695073832504" dump="1695073833155"/><sessioninfo id="lorenzomore-casosteste-65jydynbfct-a923dcab" start="1695302287560" dump="1695302287987"/><sessioninfo id="lorenzomore-casosteste-65jydynbfct-8c7fe7cc" start="1695302424279" dump="1695302424943"/><sessioninfo id="lorenzomore-casosteste-65jydynbfct-ff59b004" start="1695302784563" dump="1695302786021"/><sessioninfo id="lorenzomore-casosteste-65jydynbfct-28d814ed" start="1695303056984" dump="1695303058936"/><sessioninfo id="lorenzomore-casosteste-65jydynbfct-2c0c3203" start="1695303148332" dump="1695303150066"/><sessioninfo id="lorenzomore-casosteste-65jydynbfct-4247adfa" start="1695664948413" dump="1695664949146"/><sessioninfo id="lorenzomore-casosteste-65jydynbfct-3aadc692" start="1695674790492" dump="1695674791053"/><sessioninfo id="lorenzomore-casosteste-65jydynbfct-1a276ce8" start="1695674850272" dump="1695674851371"/><sessioninfo id="lorenzomore-casosteste-65jydynbfct-4971269b" start="1695676690788" dump="1695676692776"/><sessioninfo id="lorenzomore-casosteste-65jydynbfct-bea914bc" start="1695677273446" dump="1695677274834"/><sessioninfo id="pop-os-1f65c3a6" start="1695677685303" dump="1695677687004"/><sessioninfo id="pop-os-4e4e1109" start="1695677739049" dump="1695677740799"/><sessioninfo id="pop-os-31677825" start="1695677921642" dump="1695677923573"/><sessioninfo id="pop-os-17b3ff0e" start="1695678003511" dump="1695678005347"/><sessioninfo id="lorenzomore-casosteste-65jydynbfct-879a91b" start="1695752356928" dump="1695752357760"/><sessioninfo id="lorenzomore-casosteste-65jydynbfct-14096e5b" start="1695752486377" dump="1695752487959"/><sessioninfo id="lorenzomore-casosteste-65jydynbfct-b98e4ba8" start="1695752924926" dump="1695752926464"/><sessioninfo id="lorenzomore-casosteste-65jydynbfct-6bcc111" start="1695753316902" dump="1695753317651"/><sessioninfo id="lorenzomore-casosteste-65jydynbfct-23d10016" start="1695753412590" dump="1695753413405"/><sessioninfo id="lorenzomore-casosteste-65jydynbfct-14ae39f8" start="1695753496072" dump="1695753497195"/><sessioninfo id="lorenzomore-casosteste-65jydynbfct-dcc2af19" start="1695753672557" dump="1695753674157"/><sessioninfo id="lorenzomore-casosteste-65jydynbfct-ae9b04c0" start="1695753935029" dump="1695753936755"/><sessioninfo id="lorenzomore-casosteste-65jydynbfct-9c5cba9d" start="1695754447244" dump="1695754448647"/><sessioninfo id="lorenzomore-casosteste-65jydynbfct-9407d8e3" start="1695754546544" dump="1695754547437"/><sessioninfo id="lorenzomore-casosteste-65jydynbfct-c3680f0b" start="1695754682899" dump="1695754683765"/><sessioninfo id="lorenzomore-casosteste-65jydynbfct-15dd7c37" start="1695754701638" dump="1695754703143"/><sessioninfo id="lorenzomore-casosteste-65jydynbfct-7753d46b" start="1695755546514" dump="1695755548221"/><sessioninfo id="lorenzomore-casosteste-65jydynbfct-72046ea0" start="1695755801365" dump="1695755803109"/><sessioninfo id="lorenzomore-casosteste-65jydynbfct-1f3de10c" start="1695755882751" dump="1695755883472"/><sessioninfo id="lorenzomore-casosteste-65jydynbfct-53570a01" start="1695755923047" dump="1695755924252"/><sessioninfo id="pop-os-61a2793b" start="1695950553930" dump="1695950556086"/><sessioninfo id="pop-os-ae851bc0" start="1695950638199" dump="1695950640247"/><package name="com/casos"><class name="com/casos/Barca" sourcefilename="Barca.java"><method name="&lt;init&gt;" desc="()V" line="10"><counter type="INSTRUCTION" missed="37" covered="0"/><counter type="BRANCH" missed="4" covered="0"/><counter type="LINE" missed="8" covered="0"/><counter type="COMPLEXITY" missed="3" covered="0"/><counter type="METHOD" missed="1" covered="0"/></method><method name="ocupaLugarSemVerificacao" desc="(II)V" line="23"><counter type="INSTRUCTION" missed="14" covered="0"/><counter type="LINE" missed="3" covered="0"/><counter type="COMPLEXITY" missed="1" covered="0"/><counter type="METHOD" missed="1" covered="0"/></method><method name="ocupaLugar" desc="(Ljava/lang/String;)I" line="35"><counter type="INSTRUCTION" missed="78" covered="0"/><counter type="BRANCH" missed="22" covered="0"/><counter type="LINE" missed="17" covered="0"/><counter type="COMPLEXITY" missed="12" covered="0"/><counter type="METHOD" missed="1" covered="0"/></method><counter type="INSTRUCTION" missed="129" covered="0"/><counter type="BRANCH" missed="26" covered="0"/><counter type="LINE" missed="28" covered="0"/><counter type="COMPLEXITY" missed="16" covered="0"/><counter type="METHOD" missed="3" covered="0"/><counter type="CLASS" missed="1" covered="0"/></class><class name="com/casos/BarcaRight" sourcefilename="BarcaRight.java"><method name="&lt;init&gt;" desc="()V" line="4"><counter type="INSTRUCTION" missed="0" covered="32"/><counter type="BRANCH" missed="0" covered="4"/><counter type="LINE" missed="0" covered="7"/><counter type="COMPLEXITY" missed="0" covered="3"/><counter type="METHOD" missed="0" covered="1"/></method><method name="ocupaLugarSemVerificacao" desc="(II)V" line="19"><counter type="INSTRUCTION" missed="0" covered="14"/><counter type="LINE" missed="0" covered="3"/><counter type="COMPLEXITY" missed="0" covered="1"/><counter type="METHOD" missed="0" covered="1"/></method><method name="ocupaLugar" desc="(Ljava/lang/String;)I" line="31"><counter type="INSTRUCTION" missed="0" covered="126"/><counter type="BRANCH" missed="4" covered="20"/><counter type="LINE" missed="0" covered="23"/><counter type="COMPLEXITY" missed="4" covered="9"/><counter type="METHOD" missed="0" covered="1"/></method><counter type="INSTRUCTION" missed="0" covered="172"/><counter type="BRANCH" missed="4" covered="24"/><counter type="LINE" missed="0" covered="33"/><counter type="COMPLEXITY" missed="4" covered="13"/><counter type="METHOD" missed="0" covered="3"/><counter type="CLASS" missed="0" covered="1"/></class><sourcefile name="Barca.java"><line nr="10" mi="2" ci="0" mb="0" cb="0"/><line nr="11" mi="4" ci="0" mb="0" cb="0"/><line nr="12" mi="7" ci="0" mb="2" cb="0"/><line nr="13" mi="6" ci="0" mb="0" cb="0"/><line nr="14" mi="7" ci="0" mb="2" cb="0"/><line nr="15" mi="7" ci="0" mb="0" cb="0"/><line nr="18" mi="3" ci="0" mb="0" cb="0"/><line nr="19" mi="1" ci="0" mb="0" cb="0"/><line nr="23" mi="7" ci="0" mb="0" cb="0"/><line nr="24" mi="6" ci="0" mb="0" cb="0"/><line nr="25" mi="1" ci="0" mb="0" cb="0"/><line nr="35" mi="4" ci="0" mb="2" cb="0"/><line nr="36" mi="2" ci="0" mb="0" cb="0"/><line nr="38" mi="6" ci="0" mb="0" cb="0"/><line nr="39" mi="6" ci="0" mb="0" cb="0"/><line nr="40" mi="5" ci="0" mb="4" cb="0"/><line nr="41" mi="2" ci="0" mb="0" cb="0"/><line nr="43" mi="5" ci="0" mb="4" cb="0"/><line nr="44" mi="2" ci="0" mb="0" cb="0"/><line nr="47" mi="7" ci="0" mb="2" cb="0"/><line nr="48" mi="2" ci="0" mb="0" cb="0"/><line nr="51" mi="7" ci="0" mb="4" cb="0"/><line nr="52" mi="2" ci="0" mb="0" cb="0"/><line nr="55" mi="11" ci="0" mb="6" cb="0"/><line nr="56" mi="2" ci="0" mb="0" cb="0"/><line nr="59" mi="7" ci="0" mb="0" cb="0"/><line nr="60" mi="6" ci="0" mb="0" cb="0"/><line nr="61" mi="2" ci="0" mb="0" cb="0"/><counter type="INSTRUCTION" missed="129" covered="0"/><counter type="BRANCH" missed="26" covered="0"/><counter type="LINE" missed="28" covered="0"/><counter type="COMPLEXITY" missed="16" covered="0"/><counter type="METHOD" missed="3" covered="0"/><counter type="CLASS" missed="1" covered="0"/></sourcefile><sourcefile name="BarcaRight.java"><line nr="4" mi="0" ci="5" mb="0" cb="0"/><line nr="5" mi="0" ci="3" mb="0" cb="0"/><line nr="7" mi="0" ci="2" mb="0" cb="0"/><line nr="8" mi="0" ci="7" mb="0" cb="2"/><line nr="9" mi="0" ci="7" mb="0" cb="2"/><line nr="10" mi="0" ci="7" mb="0" cb="0"/><line nr="13" mi="0" ci="1" mb="0" cb="0"/><line nr="19" mi="0" ci="7" mb="0" cb="0"/><line nr="20" mi="0" ci="6" mb="0" cb="0"/><line nr="21" mi="0" ci="1" mb="0" cb="0"/><line nr="31" mi="0" ci="4" mb="0" cb="2"/><line nr="32" mi="0" ci="2" mb="0" cb="0"/><line nr="35" mi="0" ci="6" mb="0" cb="0"/><line nr="36" mi="0" ci="6" mb="0" cb="0"/><line nr="38" mi="0" ci="12" mb="2" cb="6"/><line nr="39" mi="0" ci="2" mb="0" cb="0"/><line nr="42" mi="0" ci="11" mb="0" cb="2"/><line nr="43" mi="0" ci="2" mb="0" cb="0"/><line nr="46" mi="0" ci="4" mb="0" cb="2"/><line nr="47" mi="0" ci="6" mb="1" cb="3"/><line nr="48" mi="0" ci="11" mb="0" cb="0"/><line nr="49" mi="0" ci="6" mb="0" cb="0"/><line nr="50" mi="0" ci="2" mb="0" cb="0"/><line nr="52" mi="0" ci="2" mb="0" cb="0"/><line nr="54" mi="0" ci="4" mb="0" cb="2"/><line nr="55" mi="0" ci="6" mb="1" cb="3"/><line nr="56" mi="0" ci="11" mb="0" cb="0"/><line nr="57" mi="0" ci="6" mb="0" cb="0"/><line nr="58" mi="0" ci="2" mb="0" cb="0"/><line nr="60" mi="0" ci="2" mb="0" cb="0"/><line nr="63" mi="0" ci="11" mb="0" cb="0"/><line nr="64" mi="0" ci="6" mb="0" cb="0"/><line nr="65" mi="0" ci="2" mb="0" cb="0"/><counter type="INSTRUCTION" missed="0" covered="172"/><counter type="BRANCH" missed="4" covered="24"/><counter type="LINE" missed="0" covered="33"/><counter type="COMPLEXITY" missed="4" covered="13"/><counter type="METHOD" missed="0" covered="3"/><counter type="CLASS" missed="0" covered="1"/></sourcefile><counter type="INSTRUCTION" missed="129" covered="172"/><counter type="BRANCH" missed="30" covered="24"/><counter type="LINE" missed="28" covered="33"/><counter type="COMPLEXITY" missed="20" covered="13"/><counter type="METHOD" missed="3" covered="3"/><counter type="CLASS" missed="1" covered="1"/></package><counter type="INSTRUCTION" missed="129" covered="172"/><counter type="BRANCH" missed="30" covered="24"/><counter type="LINE" missed="28" covered="33"/><counter type="COMPLEXITY" missed="20" covered="13"/><counter type="METHOD" missed="3" covered="3"/><counter type="CLASS" missed="1" covered="1"/></report>