-------------------------------------------------------------------------------
Test set: com.casos.BarcaTest
-------------------------------------------------------------------------------
Tests run: 8, Failures: 0, Errors: 8, Skipped: 0, Time elapsed: 0.3 s <<< FAILURE! - in com.casos.BarcaTest
com.casos.BarcaTest.limiteNfileira(int, String, int)[1]  Time elapsed: 0.099 s  <<< ERROR!
java.lang.ArrayIndexOutOfBoundsException: Index 20 out of bounds for length 20
	at com.casos.BarcaTest.popularn(BarcaTest.java:133)
	at com.casos.BarcaTest.limiteNfileira(BarcaTest.java:94)

com.casos.BarcaTest.limiteNfileira(int, String, int)[2]  Time elapsed: 0.062 s  <<< ERROR!
java.lang.ArrayIndexOutOfBoundsException: Index 20 out of bounds for length 20
	at com.casos.BarcaTest.popularn(BarcaTest.java:133)
	at com.casos.BarcaTest.limiteNfileira(BarcaTest.java:94)

com.casos.BarcaTest.limiteNfileira(int, String, int)[3]  Time elapsed: 0.001 s  <<< ERROR!
java.lang.ArrayIndexOutOfBoundsException: Index 20 out of bounds for length 20
	at com.casos.BarcaTest.popularn(BarcaTest.java:133)
	at com.casos.BarcaTest.limiteNfileira(BarcaTest.java:94)

com.casos.BarcaTest.limiteNfileira(int, String, int)[4]  Time elapsed: 0.003 s  <<< ERROR!
java.lang.ArrayIndexOutOfBoundsException: Index 20 out of bounds for length 20
	at com.casos.BarcaTest.popularn(BarcaTest.java:133)
	at com.casos.BarcaTest.limiteNfileira(BarcaTest.java:94)

com.casos.BarcaTest.limiteNpassageiros(int, String, int)[1]  Time elapsed: 0.002 s  <<< ERROR!
java.lang.ArrayIndexOutOfBoundsException: Index 20 out of bounds for length 20
	at com.casos.BarcaTest.popularn(BarcaTest.java:133)
	at com.casos.BarcaTest.limiteNpassageiros(BarcaTest.java:78)

com.casos.BarcaTest.limiteNpassageiros(int, String, int)[2]  Time elapsed: 0.001 s  <<< ERROR!
java.lang.ArrayIndexOutOfBoundsException: Index 20 out of bounds for length 20
	at com.casos.BarcaTest.popularn(BarcaTest.java:133)
	at com.casos.BarcaTest.limiteNpassageiros(BarcaTest.java:78)

com.casos.BarcaTest.limiteNpassageiros(int, String, int)[3]  Time elapsed: 0.001 s  <<< ERROR!
java.lang.ArrayIndexOutOfBoundsException: Index 20 out of bounds for length 20
	at com.casos.BarcaTest.popularn(BarcaTest.java:133)
	at com.casos.BarcaTest.limiteNpassageiros(BarcaTest.java:78)

com.casos.BarcaTest.limiteNpassageiros(int, String, int)[4]  Time elapsed: 0.001 s  <<< ERROR!
java.lang.ArrayIndexOutOfBoundsException: Index 20 out of bounds for length 20
	at com.casos.BarcaTest.popularn(BarcaTest.java:133)
	at com.casos.BarcaTest.limiteNpassageiros(BarcaTest.java:78)

