-------------------------------------------------------------------------------
Test set: com.casos.BarcaTest
-------------------------------------------------------------------------------
Tests run: 16, Failures: 0, Errors: 8, Skipped: 0, Time elapsed: 0.593 s <<< FAILURE! - in com.casos.BarcaTest
com.casos.BarcaTest.limiteNfileira(int, String, int)[1]  Time elapsed: 0.008 s  <<< ERROR!
java.lang.ArrayIndexOutOfBoundsException: Index 20 out of bounds for length 20
	at com.casos.BarcaTest.popularn(BarcaTest.java:130)
	at com.casos.BarcaTest.limiteNfileira(BarcaTest.java:91)

com.casos.BarcaTest.limiteNfileira(int, String, int)[2]  Time elapsed: 0.003 s  <<< ERROR!
java.lang.ArrayIndexOutOfBoundsException: Index 20 out of bounds for length 20
	at com.casos.BarcaTest.popularn(BarcaTest.java:130)
	at com.casos.BarcaTest.limiteNfileira(BarcaTest.java:91)

com.casos.BarcaTest.limiteNfileira(int, String, int)[3]  Time elapsed: 0.003 s  <<< ERROR!
java.lang.ArrayIndexOutOfBoundsException: Index 20 out of bounds for length 20
	at com.casos.BarcaTest.popularn(BarcaTest.java:130)
	at com.casos.BarcaTest.limiteNfileira(BarcaTest.java:91)

com.casos.BarcaTest.limiteNfileira(int, String, int)[4]  Time elapsed: 0.004 s  <<< ERROR!
java.lang.ArrayIndexOutOfBoundsException: Index 20 out of bounds for length 20
	at com.casos.BarcaTest.popularn(BarcaTest.java:130)
	at com.casos.BarcaTest.limiteNfileira(BarcaTest.java:91)

com.casos.BarcaTest.limiteNpassageiros(int, String, int)[1]  Time elapsed: 0.003 s  <<< ERROR!
java.lang.ArrayIndexOutOfBoundsException: Index 20 out of bounds for length 20
	at com.casos.BarcaTest.popularn(BarcaTest.java:130)
	at com.casos.BarcaTest.limiteNpassageiros(BarcaTest.java:75)

com.casos.BarcaTest.limiteNpassageiros(int, String, int)[2]  Time elapsed: 0.003 s  <<< ERROR!
java.lang.ArrayIndexOutOfBoundsException: Index 20 out of bounds for length 20
	at com.casos.BarcaTest.popularn(BarcaTest.java:130)
	at com.casos.BarcaTest.limiteNpassageiros(BarcaTest.java:75)

com.casos.BarcaTest.limiteNpassageiros(int, String, int)[3]  Time elapsed: 0.003 s  <<< ERROR!
java.lang.ArrayIndexOutOfBoundsException: Index 20 out of bounds for length 20
	at com.casos.BarcaTest.popularn(BarcaTest.java:130)
	at com.casos.BarcaTest.limiteNpassageiros(BarcaTest.java:75)

com.casos.BarcaTest.limiteNpassageiros(int, String, int)[4]  Time elapsed: 0.002 s  <<< ERROR!
java.lang.ArrayIndexOutOfBoundsException: Index 20 out of bounds for length 20
	at com.casos.BarcaTest.popularn(BarcaTest.java:130)
	at com.casos.BarcaTest.limiteNpassageiros(BarcaTest.java:75)

