<?xml version="1.0" encoding="UTF-8"?>
<testsuite xmlns:xsi="http://www.w3.org/2001/XMLSchema-instance" xsi:noNamespaceSchemaLocation="https://maven.apache.org/surefire/maven-surefire-plugin/xsd/surefire-test-report-3.0.xsd" version="3.0" name="com.casos.BarcaTest" time="0.501" tests="23" errors="0" skipped="0" failures="0">
  <properties>
[...]
</properties>
  <testcase name="entradasInvalidas(String, int)[1]" classname="com.casos.BarcaTest" time="0.154"/>
  <testcase name="entradasInvalidas(String, int)[2]" classname="com.casos.BarcaTest" time="0.004"/>
  <testcase name="entradasInvalidas(String, int)[3]" classname="com.casos.BarcaTest" time="0.004"/>
  <testcase name="todosDemais(String, int)[1]" classname="com.casos.BarcaTest" time="0.005"/>
  <testcase name="todosDemais(String, int)[2]" classname="com.casos.BarcaTest" time="0.002"/>
  <testcase name="limitesEntradaInvalida(int, String, int)[1]" classname="com.casos.BarcaTest" time="0.004"/>
  <testcase name="limitesEntradaInvalida(int, String, int)[2]" classname="com.casos.BarcaTest" time="0.003"/>
  <testcase name="limitesEntradaInvalida(int, String, int)[3]" classname="com.casos.BarcaTest" time="0.004"/>
  <testcase name="limitesEntradaInvalida(int, String, int)[4]" classname="com.casos.BarcaTest" time="0.003"/>
  <testcase name="limiteNfileira(int, String, int)[1]" classname="com.casos.BarcaTest" time="0.002"/>
  <testcase name="limiteNfileira(int, String, int)[2]" classname="com.casos.BarcaTest" time="0.004"/>
  <testcase name="limiteNfileira(int, String, int)[3]" classname="com.casos.BarcaTest" time="0.002"/>
  <testcase name="limiteNfileira(int, String, int)[4]" classname="com.casos.BarcaTest" time="0.004"/>
  <testcase name="limiteNpassageiros(int, String, int)[1]" classname="com.casos.BarcaTest" time="0.003"/>
  <testcase name="limiteNpassageiros(int, String, int)[2]" classname="com.casos.BarcaTest" time="0.002"/>
  <testcase name="limiteNpassageiros(int, String, int)[3]" classname="com.casos.BarcaTest" time="0.006"/>
  <testcase name="limiteNpassageiros(int, String, int)[4]" classname="com.casos.BarcaTest" time="0.002"/>
  <testcase name="primeiros100(String, int)[1]" classname="com.casos.BarcaTest" time="0.002"/>
  <testcase name="primeiros100(String, int)[2]" classname="com.casos.BarcaTest" time="0.003"/>
  <testcase name="primeiros100(String, int)[3]" classname="com.casos.BarcaTest" time="0.002"/>
  <testcase name="primeiros200(String, int)[1]" classname="com.casos.BarcaTest" time="0.003"/>
  <testcase name="primeiros200(String, int)[2]" classname="com.casos.BarcaTest" time="0.002"/>
  <testcase name="primeiros200(String, int)[3]" classname="com.casos.BarcaTest" time="0.003"/>
</testsuite>